<?xml version="1.0" encoding="UTF-8"?>
<!-- Generated by org.testng.reporters.JUnitXMLReporter -->
<testsuite ignored="0" hostname="DESKTOP-6NA17O0" failures="0" tests="5" name="Command line test" time="113.047" errors="0" timestamp="05 Jul 2023 12:04:52 GMT">
  <testcase classname="com.automationdemo.testcases.HomePageTest" name="homePageLogoTest" time="5.032"/>
  <testcase classname="com.automationdemo.testcases.LogonPageTest" name="loginPageLogoTest" time="0.107"/>
  <testcase classname="com.automationdemo.testcases.HomePageTest" name="homePageTaskLinkTest" time="11.068"/>
  <testcase classname="com.automationdemo.testcases.LogonPageTest" name="LoginTest" time="0.272"/>
  <testcase classname="com.automationdemo.testcases.LogonPageTest" name="LoginTest" time="0.298"/>
</testsuite> <!-- Command line test -->
