<?xml version="1.0" encoding="UTF-8"?>
<testng-results ignored="0" total="5" passed="5" failed="0" skipped="0">
  <reporter-output>
  </reporter-output>
  <suite started-at="2023-07-05T12:02:59Z" name="Command line suite" finished-at="2023-07-05T12:04:52Z" duration-ms="113047">
    <groups>
    </groups>
    <test started-at="2023-07-05T12:02:59Z" name="Command line test" finished-at="2023-07-05T12:04:52Z" duration-ms="113047">
      <class name="com.automationdemo.testcases.LogonPageTest">
        <test-method is-config="true" signature="seup()[pri:0, instance:com.automationdemo.testcases.LogonPageTest@12c8a2c0]" started-at="2023-07-05T12:03:24Z" name="seup" finished-at="2023-07-05T12:03:40Z" duration-ms="16082" status="PASS">
          <reporter-output>
          </reporter-output>
        </test-method> <!-- seup -->
        <test-method signature="loginPageLogoTest()[pri:1, instance:com.automationdemo.testcases.LogonPageTest@12c8a2c0]" started-at="2023-07-05T12:03:40Z" name="loginPageLogoTest" finished-at="2023-07-05T12:03:40Z" duration-ms="107" status="PASS">
          <reporter-output>
          </reporter-output>
        </test-method> <!-- loginPageLogoTest -->
        <test-method is-config="true" signature="tearDown()[pri:0, instance:com.automationdemo.testcases.LogonPageTest@12c8a2c0]" started-at="2023-07-05T12:03:40Z" name="tearDown" finished-at="2023-07-05T12:03:41Z" duration-ms="245" status="PASS">
          <reporter-output>
          </reporter-output>
        </test-method> <!-- tearDown -->
        <test-method is-config="true" signature="seup()[pri:0, instance:com.automationdemo.testcases.LogonPageTest@12c8a2c0]" started-at="2023-07-05T12:04:18Z" name="seup" finished-at="2023-07-05T12:04:38Z" duration-ms="19228" status="PASS">
          <reporter-output>
          </reporter-output>
        </test-method> <!-- seup -->
        <test-method signature="LoginTest(java.lang.String, java.lang.String)[pri:2, instance:com.automationdemo.testcases.LogonPageTest@12c8a2c0]" started-at="2023-07-05T12:04:38Z" name="LoginTest" data-provider="getactiTimeTestData" finished-at="2023-07-05T12:04:38Z" duration-ms="272" status="PASS">
          <params>
            <param index="0">
              <value>
                <![CDATA[admin]]>
              </value>
            </param>
            <param index="1">
              <value>
                <![CDATA[manager]]>
              </value>
            </param>
          </params>
          <reporter-output>
          </reporter-output>
        </test-method> <!-- LoginTest -->
        <test-method is-config="true" signature="tearDown()[pri:0, instance:com.automationdemo.testcases.LogonPageTest@12c8a2c0]" started-at="2023-07-05T12:04:38Z" name="tearDown" finished-at="2023-07-05T12:04:38Z" duration-ms="212" status="PASS">
          <reporter-output>
          </reporter-output>
        </test-method> <!-- tearDown -->
        <test-method is-config="true" signature="seup()[pri:0, instance:com.automationdemo.testcases.LogonPageTest@12c8a2c0]" started-at="2023-07-05T12:04:38Z" name="seup" finished-at="2023-07-05T12:04:52Z" duration-ms="13636" status="PASS">
          <reporter-output>
          </reporter-output>
        </test-method> <!-- seup -->
        <test-method signature="LoginTest(java.lang.String, java.lang.String)[pri:2, instance:com.automationdemo.testcases.LogonPageTest@12c8a2c0]" started-at="2023-07-05T12:04:52Z" name="LoginTest" data-provider="getactiTimeTestData" finished-at="2023-07-05T12:04:52Z" duration-ms="298" status="PASS">
          <params>
            <param index="0">
              <value>
                <![CDATA[trainee]]>
              </value>
            </param>
            <param index="1">
              <value>
                <![CDATA[trainee]]>
              </value>
            </param>
          </params>
          <reporter-output>
          </reporter-output>
        </test-method> <!-- LoginTest -->
        <test-method is-config="true" signature="tearDown()[pri:0, instance:com.automationdemo.testcases.LogonPageTest@12c8a2c0]" started-at="2023-07-05T12:04:52Z" name="tearDown" finished-at="2023-07-05T12:04:52Z" duration-ms="256" status="PASS">
          <reporter-output>
          </reporter-output>
        </test-method> <!-- tearDown -->
      </class> <!-- com.automationdemo.testcases.LogonPageTest -->
      <class name="com.automationdemo.testcases.HomePageTest">
        <test-method is-config="true" signature="seup()[pri:0, instance:com.automationdemo.testcases.HomePageTest@a74868d]" started-at="2023-07-05T12:02:59Z" name="seup" finished-at="2023-07-05T12:03:19Z" duration-ms="19485" status="PASS">
          <reporter-output>
          </reporter-output>
        </test-method> <!-- seup -->
        <test-method signature="homePageLogoTest()[pri:1, instance:com.automationdemo.testcases.HomePageTest@a74868d]" started-at="2023-07-05T12:03:19Z" name="homePageLogoTest" finished-at="2023-07-05T12:03:24Z" duration-ms="5032" status="PASS">
          <reporter-output>
          </reporter-output>
        </test-method> <!-- homePageLogoTest -->
        <test-method is-config="true" signature="tearDown()[pri:0, instance:com.automationdemo.testcases.HomePageTest@a74868d]" started-at="2023-07-05T12:03:24Z" name="tearDown" finished-at="2023-07-05T12:03:24Z" duration-ms="349" status="PASS">
          <reporter-output>
          </reporter-output>
        </test-method> <!-- tearDown -->
        <test-method is-config="true" signature="seup()[pri:0, instance:com.automationdemo.testcases.HomePageTest@a74868d]" started-at="2023-07-05T12:03:41Z" name="seup" finished-at="2023-07-05T12:04:06Z" duration-ms="25623" status="PASS">
          <reporter-output>
          </reporter-output>
        </test-method> <!-- seup -->
        <test-method signature="homePageTaskLinkTest()[pri:2, instance:com.automationdemo.testcases.HomePageTest@a74868d]" started-at="2023-07-05T12:04:06Z" name="homePageTaskLinkTest" finished-at="2023-07-05T12:04:17Z" duration-ms="11068" status="PASS">
          <reporter-output>
          </reporter-output>
        </test-method> <!-- homePageTaskLinkTest -->
        <test-method is-config="true" signature="tearDown()[pri:0, instance:com.automationdemo.testcases.HomePageTest@a74868d]" started-at="2023-07-05T12:04:17Z" name="tearDown" finished-at="2023-07-05T12:04:18Z" duration-ms="245" status="PASS">
          <reporter-output>
          </reporter-output>
        </test-method> <!-- tearDown -->
      </class> <!-- com.automationdemo.testcases.HomePageTest -->
    </test> <!-- Command line test -->
  </suite> <!-- Command line suite -->
</testng-results>
