<?xml version="1.0" encoding="UTF-8" ?>
<testsuite tests="5" failures="0" name="TestSuite" time="16.778" errors="0" skipped="0">
  <properties>
[...]
</properties>
  <testcase classname="com.automationdemo.testcases.HomePageTest" name="homePageLogoTest" time="5.035"/>
  <testcase classname="com.automationdemo.testcases.LogonPageTest" name="loginPageLogoTest" time="0.106"/>
  <testcase classname="com.automationdemo.testcases.HomePageTest" name="homePageTaskLinkTest" time="11.068"/>
  <testcase classname="com.automationdemo.testcases.LogonPageTest" name="LoginTest" time="0.271"/>
  <testcase classname="com.automationdemo.testcases.LogonPageTest" name="LoginTest" time="0.298"/>
</testsuite>